0 info it worked if it ends with ok
1 verbose cli [ '/usr/local/bin/node',
1 verbose cli   '/usr/local/bin/npm',
1 verbose cli   'run',
1 verbose cli   'start',
1 verbose cli   '--',
1 verbose cli   '--username',
1 verbose cli   'Mac',
1 verbose cli   '--password',
1 verbose cli   'asdqwe123' ]
2 info using npm@1.4.3
3 info using node@v0.10.38
4 error Error: ENOENT, open '/Users/macheller-ogden/Repos/windshield/node_modules/start/package.json'
5 error If you need help, you may report this *entire* log,
5 error including the npm and node versions, at:
5 error     <http://github.com/npm/npm/issues>
6 error System Darwin 14.4.0
7 error command "/usr/local/bin/node" "/usr/local/bin/npm" "run" "start" "--" "--username" "Mac" "--password" "asdqwe123"
8 error cwd /Users/macheller-ogden/Repos/windshield
9 error node -v v0.10.38
10 error npm -v 1.4.3
11 error path /Users/macheller-ogden/Repos/windshield/node_modules/start/package.json
12 error code ENOENT
13 error errno 34
14 verbose exit [ 34, true ]
